android/app/build/intermediates/manifest_merge_blame_file/debug/manifest-merger-blame-debug-report.txt
1<?xml version="1.0" encoding="utf-8"?>
2<manifest xmlns:android="http://schemas.android.com/apk/res/android"
3    package="com.marketworld"
4    android:versionCode="1"
5    android:versionName="1.0" >
6
7    <uses-sdk
8        android:minSdkVersion="21"
9        android:targetSdkVersion="31" />
10
11    <uses-permission android:name="android.permission.SYSTEM_ALERT_WINDOW" />
11-->src/debug/AndroidManifest.xml:5:5-77
11-->src/debug/AndroidManifest.xml:5:22-75
12    <uses-permission android:name="android.permission.INTERNET" />
12-->src/main/AndroidManifest.xml:4:5-67
12-->src/main/AndroidManifest.xml:4:22-64
13    <uses-permission android:name="android.permission.ACCESS_FINE_LOCATION" />
13-->src/main/AndroidManifest.xml:5:5-78
13-->src/main/AndroidManifest.xml:5:22-76
14    <uses-permission android:name="android.permission.ACCESS_WIFI_STATE" />
14-->[com.facebook.flipper:flipper:0.125.0] AndroidManifest.xml:16:5-76
14-->[com.facebook.flipper:flipper:0.125.0] AndroidManifest.xml:16:22-73
15    <uses-permission android:name="android.permission.WAKE_LOCK" />
15-->[:react-native-firebase_dynamic-links] AndroidManifest.xml:10:5-68
15-->[:react-native-firebase_dynamic-links] AndroidManifest.xml:10:22-65
16    <uses-permission android:name="android.permission.ACCESS_NETWORK_STATE" />
16-->[:react-native-firebase_dynamic-links] AndroidManifest.xml:11:5-79
16-->[:react-native-firebase_dynamic-links] AndroidManifest.xml:11:22-76
17    <uses-permission android:name="android.permission.WRITE_EXTERNAL_STORAGE" /> <!-- Required to access Google Play Licensing -->
17-->[:react-native-fs] AndroidManifest.xml:9:5-81
17-->[:react-native-fs] AndroidManifest.xml:9:22-78
18    <uses-permission android:name="com.android.vending.CHECK_LICENSE" />
18-->[:rn-fetch-blob] AndroidManifest.xml:10:5-73
18-->[:rn-fetch-blob] AndroidManifest.xml:10:22-70
19    <uses-permission android:name="android.permission.POST_NOTIFICATIONS" /> <!-- Required by older versions of Google Play services to create IID tokens -->
19-->[com.google.firebase:firebase-messaging:23.1.1] AndroidManifest.xml:25:5-77
19-->[com.google.firebase:firebase-messaging:23.1.1] AndroidManifest.xml:25:22-74
20    <uses-permission android:name="com.google.android.c2dm.permission.RECEIVE" />
20-->[com.google.firebase:firebase-messaging:23.1.1] AndroidManifest.xml:28:5-82
20-->[com.google.firebase:firebase-messaging:23.1.1] AndroidManifest.xml:28:22-79
21    <uses-permission android:name="com.google.android.gms.permission.AD_ID" />
21-->[com.google.android.gms:play-services-measurement-api:21.2.0] AndroidManifest.xml:25:5-79
21-->[com.google.android.gms:play-services-measurement-api:21.2.0] AndroidManifest.xml:25:22-76
22    <uses-permission android:name="android.permission.RECEIVE_BOOT_COMPLETED" />
22-->[androidx.work:work-runtime:2.7.1] AndroidManifest.xml:27:5-81
22-->[androidx.work:work-runtime:2.7.1] AndroidManifest.xml:27:22-78
23    <uses-permission android:name="android.permission.FOREGROUND_SERVICE" />
23-->[androidx.work:work-runtime:2.7.1] AndroidManifest.xml:28:5-77
23-->[androidx.work:work-runtime:2.7.1] AndroidManifest.xml:28:22-74
24
25    <uses-feature
25-->[com.google.android.gms:play-services-maps:18.0.2] AndroidManifest.xml:26:5-28:35
26        android:glEsVersion="0x00020000"
26-->[com.google.android.gms:play-services-maps:18.0.2] AndroidManifest.xml:27:9-41
27        android:required="true" />
27-->[com.google.android.gms:play-services-maps:18.0.2] AndroidManifest.xml:28:9-32
28
29    <queries>
29-->[com.google.android.gms:play-services-maps:18.0.2] AndroidManifest.xml:30:5-34:15
30
31        <!-- Needs to be explicitly declared on Android R+ -->
32        <package android:name="com.google.android.apps.maps" />
32-->[com.google.android.gms:play-services-maps:18.0.2] AndroidManifest.xml:33:9-64
32-->[com.google.android.gms:play-services-maps:18.0.2] AndroidManifest.xml:33:18-61
33    </queries>
34
35    <uses-permission android:name="com.google.android.finsky.permission.BIND_GET_INSTALL_REFERRER_SERVICE" />
35-->[com.google.android.gms:play-services-measurement:21.2.0] AndroidManifest.xml:26:5-110
35-->[com.google.android.gms:play-services-measurement:21.2.0] AndroidManifest.xml:26:22-107
36
37    <application
37-->src/main/AndroidManifest.xml:7:5-38:19
38        android:name="com.marketworld.MainApplication"
38-->src/main/AndroidManifest.xml:8:7-38
39        android:allowBackup="false"
39-->src/main/AndroidManifest.xml:12:7-34
40        android:appComponentFactory="androidx.core.app.CoreComponentFactory"
40-->[androidx.core:core:1.7.0] AndroidManifest.xml:24:18-86
41        android:debuggable="true"
42        android:icon="@mipmap/ic_launcher"
42-->src/main/AndroidManifest.xml:10:7-41
43        android:label="@string/app_name"
43-->src/main/AndroidManifest.xml:9:7-39
44        android:roundIcon="@mipmap/ic_launcher"
44-->src/main/AndroidManifest.xml:11:7-46
45        android:theme="@style/AppTheme"
45-->src/main/AndroidManifest.xml:13:7-38
46        android:usesCleartextTraffic="true" >
46-->src/debug/AndroidManifest.xml:8:9-44
47        <activity
47-->src/debug/AndroidManifest.xml:11:9-111
48            android:name="com.facebook.react.devsupport.DevSettingsActivity"
48-->src/debug/AndroidManifest.xml:11:19-83
49            android:exported="false" />
49-->src/debug/AndroidManifest.xml:11:84-108
50        <activity
50-->src/main/AndroidManifest.xml:15:7-34:18
51            android:name="com.marketworld.MainActivity"
51-->src/main/AndroidManifest.xml:16:9-37
52            android:configChanges="keyboard|keyboardHidden|orientation|screenLayout|screenSize|smallestScreenSize|uiMode"
52-->src/main/AndroidManifest.xml:18:9-118
53            android:exported="true"
53-->src/main/AndroidManifest.xml:21:9-32
54            android:label="@string/app_name"
54-->src/main/AndroidManifest.xml:17:9-41
55            android:launchMode="singleTask"
55-->src/main/AndroidManifest.xml:19:9-40
56            android:windowSoftInputMode="adjustResize" >
56-->src/main/AndroidManifest.xml:20:9-51
57            <intent-filter android:autoVerify="true" >
57-->src/main/AndroidManifest.xml:22:9-25:25
57-->src/main/AndroidManifest.xml:22:24-49
58                <action android:name="android.intent.action.MAIN" />
58-->src/main/AndroidManifest.xml:23:13-65
58-->src/main/AndroidManifest.xml:23:21-62
59
60                <category android:name="android.intent.category.LAUNCHER" />
60-->src/main/AndroidManifest.xml:24:13-73
60-->src/main/AndroidManifest.xml:24:23-70
61            </intent-filter>
62            <intent-filter>
62-->src/main/AndroidManifest.xml:26:9-32:25
63                <action android:name="android.intent.action.VIEW" />
63-->src/main/AndroidManifest.xml:27:11-63
63-->src/main/AndroidManifest.xml:27:19-60
64
65                <category android:name="android.intent.category.DEFAULT" />
65-->src/main/AndroidManifest.xml:28:11-70
65-->src/main/AndroidManifest.xml:28:21-67
66                <category android:name="android.intent.category.BROWSABLE" />
66-->src/main/AndroidManifest.xml:29:11-72
66-->src/main/AndroidManifest.xml:29:21-69
67                <!-- Accepts URIs that begin with "example://gizmos” -->
68                <data android:scheme="marketworld" />
68-->src/main/AndroidManifest.xml:31:11-48
68-->src/main/AndroidManifest.xml:31:17-45
69            </intent-filter>
70        </activity>
71
72        <meta-data
72-->src/main/AndroidManifest.xml:35:11-37:66
73            android:name="com.google.android.geo.API_KEY"
73-->src/main/AndroidManifest.xml:36:9-54
74            android:value="AIzaSyBqMglQp4yYptDSZ9-1i2dwEE-eWDK5vMg" />
74-->src/main/AndroidManifest.xml:37:9-64
75
76        <service
76-->[:react-native-firebase_messaging] AndroidManifest.xml:14:9-16:40
77            android:name="io.invertase.firebase.messaging.ReactNativeFirebaseMessagingHeadlessService"
77-->[:react-native-firebase_messaging] AndroidManifest.xml:15:13-103
78            android:exported="false" />
78-->[:react-native-firebase_messaging] AndroidManifest.xml:16:13-37
79        <service
79-->[:react-native-firebase_messaging] AndroidManifest.xml:17:9-23:19
80            android:name="io.invertase.firebase.messaging.ReactNativeFirebaseMessagingService"
80-->[:react-native-firebase_messaging] AndroidManifest.xml:18:13-95
81            android:exported="false" >
81-->[:react-native-firebase_messaging] AndroidManifest.xml:19:13-37
82            <intent-filter>
82-->[:react-native-firebase_messaging] AndroidManifest.xml:20:13-22:29
83                <action android:name="com.google.firebase.MESSAGING_EVENT" />
83-->[:react-native-firebase_messaging] AndroidManifest.xml:21:17-78
83-->[:react-native-firebase_messaging] AndroidManifest.xml:21:25-75
84            </intent-filter>
85        </service>
86
87        <receiver
87-->[:react-native-firebase_messaging] AndroidManifest.xml:25:9-32:20
88            android:name="io.invertase.firebase.messaging.ReactNativeFirebaseMessagingReceiver"
88-->[:react-native-firebase_messaging] AndroidManifest.xml:26:13-96
89            android:exported="true"
89-->[:react-native-firebase_messaging] AndroidManifest.xml:27:13-36
90            android:permission="com.google.android.c2dm.permission.SEND" >
90-->[:react-native-firebase_messaging] AndroidManifest.xml:28:13-73
91            <intent-filter>
91-->[:react-native-firebase_messaging] AndroidManifest.xml:29:13-31:29
92                <action android:name="com.google.android.c2dm.intent.RECEIVE" />
92-->[:react-native-firebase_messaging] AndroidManifest.xml:30:17-81
92-->[:react-native-firebase_messaging] AndroidManifest.xml:30:25-78
93            </intent-filter>
94        </receiver>
95
96        <meta-data
96-->[:react-native-firebase_messaging] AndroidManifest.xml:34:9-36:36
97            android:name="firebase_messaging_auto_init_enabled"
97-->[:react-native-firebase_messaging] AndroidManifest.xml:35:13-64
98            android:value="true" />
98-->[:react-native-firebase_messaging] AndroidManifest.xml:36:13-33
99        <meta-data
99-->[:react-native-firebase_messaging] AndroidManifest.xml:37:9-39:32
100            android:name="com.google.firebase.messaging.default_notification_channel_id"
100-->[:react-native-firebase_messaging] AndroidManifest.xml:38:13-89
101            android:value="" />
101-->[:react-native-firebase_messaging] AndroidManifest.xml:39:13-29
102        <meta-data
102-->[:react-native-firebase_messaging] AndroidManifest.xml:40:9-42:47
103            android:name="com.google.firebase.messaging.default_notification_color"
103-->[:react-native-firebase_messaging] AndroidManifest.xml:41:13-84
104            android:resource="@color/white" />
104-->[:react-native-firebase_messaging] AndroidManifest.xml:42:13-44
105        <meta-data
105-->[:react-native-firebase_app] AndroidManifest.xml:11:9-13:36
106            android:name="app_data_collection_default_enabled"
106-->[:react-native-firebase_app] AndroidManifest.xml:12:13-63
107            android:value="true" />
107-->[:react-native-firebase_app] AndroidManifest.xml:13:13-33
108
109        <service
109-->[:react-native-firebase_app] AndroidManifest.xml:15:9-23:19
110            android:name="com.google.firebase.components.ComponentDiscoveryService"
110-->[:react-native-firebase_app] AndroidManifest.xml:16:13-84
111            android:directBootAware="true"
111-->[:react-native-firebase_app] AndroidManifest.xml:17:13-43
112            android:exported="false" >
112-->[:react-native-firebase_app] AndroidManifest.xml:18:13-37
113            <meta-data
113-->[:react-native-firebase_app] AndroidManifest.xml:20:13-22:85
114                android:name="com.google.firebase.components:io.invertase.firebase.app.ReactNativeFirebaseAppRegistrar"
114-->[:react-native-firebase_app] AndroidManifest.xml:21:17-120
115                android:value="com.google.firebase.components.ComponentRegistrar" />
115-->[:react-native-firebase_app] AndroidManifest.xml:22:17-82
116            <meta-data
116-->[com.google.firebase:firebase-messaging:23.1.1] AndroidManifest.xml:55:13-57:85
117                android:name="com.google.firebase.components:com.google.firebase.messaging.FirebaseMessagingRegistrar"
117-->[com.google.firebase:firebase-messaging:23.1.1] AndroidManifest.xml:56:17-119
118                android:value="com.google.firebase.components.ComponentRegistrar" />
118-->[com.google.firebase:firebase-messaging:23.1.1] AndroidManifest.xml:57:17-82
119            <meta-data
119-->[com.google.firebase:firebase-datatransport:18.1.7] AndroidManifest.xml:27:13-29:85
120                android:name="com.google.firebase.components:com.google.firebase.datatransport.TransportRegistrar"
120-->[com.google.firebase:firebase-datatransport:18.1.7] AndroidManifest.xml:28:17-115
121                android:value="com.google.firebase.components.ComponentRegistrar" />
121-->[com.google.firebase:firebase-datatransport:18.1.7] AndroidManifest.xml:29:17-82
122            <meta-data
122-->[com.google.firebase:firebase-dynamic-links:21.1.0] AndroidManifest.xml:26:13-28:85
123                android:name="com.google.firebase.components:com.google.firebase.dynamiclinks.internal.FirebaseDynamicLinkRegistrar"
123-->[com.google.firebase:firebase-dynamic-links:21.1.0] AndroidManifest.xml:27:17-133
124                android:value="com.google.firebase.components.ComponentRegistrar" />
124-->[com.google.firebase:firebase-dynamic-links:21.1.0] AndroidManifest.xml:28:17-82
125            <meta-data
125-->[com.google.android.gms:play-services-measurement-api:21.2.0] AndroidManifest.xml:31:13-33:85
126                android:name="com.google.firebase.components:com.google.firebase.analytics.connector.internal.AnalyticsConnectorRegistrar"
126-->[com.google.android.gms:play-services-measurement-api:21.2.0] AndroidManifest.xml:32:17-139
127                android:value="com.google.firebase.components.ComponentRegistrar" />
127-->[com.google.android.gms:play-services-measurement-api:21.2.0] AndroidManifest.xml:33:17-82
128            <meta-data
128-->[com.google.firebase:firebase-installations:17.1.0] AndroidManifest.xml:17:13-19:85
129                android:name="com.google.firebase.components:com.google.firebase.installations.FirebaseInstallationsRegistrar"
129-->[com.google.firebase:firebase-installations:17.1.0] AndroidManifest.xml:18:17-127
130                android:value="com.google.firebase.components.ComponentRegistrar" />
130-->[com.google.firebase:firebase-installations:17.1.0] AndroidManifest.xml:19:17-82
131        </service>
132
133        <provider
133-->[:react-native-firebase_app] AndroidManifest.xml:25:9-29:38
134            android:name="io.invertase.firebase.app.ReactNativeFirebaseAppInitProvider"
134-->[:react-native-firebase_app] AndroidManifest.xml:26:13-88
135            android:authorities="com.marketworld.reactnativefirebaseappinitprovider"
135-->[:react-native-firebase_app] AndroidManifest.xml:27:13-86
136            android:exported="false"
136-->[:react-native-firebase_app] AndroidManifest.xml:28:13-37
137            android:initOrder="99" />
137-->[:react-native-firebase_app] AndroidManifest.xml:29:13-35
138        <provider
138-->[:react-native-image-picker] AndroidManifest.xml:10:9-18:20
139            android:name="com.imagepicker.ImagePickerProvider"
139-->[:react-native-image-picker] AndroidManifest.xml:11:13-63
140            android:authorities="com.marketworld.imagepickerprovider"
140-->[:react-native-image-picker] AndroidManifest.xml:12:13-71
141            android:exported="false"
141-->[:react-native-image-picker] AndroidManifest.xml:13:13-37
142            android:grantUriPermissions="true" >
142-->[:react-native-image-picker] AndroidManifest.xml:14:13-47
143            <meta-data
143-->[:react-native-image-picker] AndroidManifest.xml:15:13-17:70
144                android:name="android.support.FILE_PROVIDER_PATHS"
144-->[:react-native-image-picker] AndroidManifest.xml:16:17-67
145                android:resource="@xml/imagepicker_provider_paths" />
145-->[:react-native-image-picker] AndroidManifest.xml:17:17-67
146        </provider>
147        <provider
147-->[:react-native-webview] AndroidManifest.xml:10:9-18:20
148            android:name="com.reactnativecommunity.webview.RNCWebViewFileProvider"
148-->[:react-native-webview] AndroidManifest.xml:11:13-83
149            android:authorities="com.marketworld.fileprovider"
149-->[:react-native-webview] AndroidManifest.xml:12:13-64
150            android:exported="false"
150-->[:react-native-webview] AndroidManifest.xml:13:13-37
151            android:grantUriPermissions="true" >
151-->[:react-native-webview] AndroidManifest.xml:14:13-47
152            <meta-data
152-->[:react-native-image-picker] AndroidManifest.xml:15:13-17:70
153                android:name="android.support.FILE_PROVIDER_PATHS"
153-->[:react-native-image-picker] AndroidManifest.xml:16:17-67
154                android:resource="@xml/file_provider_paths" />
154-->[:react-native-image-picker] AndroidManifest.xml:17:17-67
155        </provider>
156        <provider
156-->[:rn-fetch-blob] AndroidManifest.xml:34:9-42:20
157            android:name="com.RNFetchBlob.Utils.FileProvider"
157-->[:rn-fetch-blob] AndroidManifest.xml:35:13-62
158            android:authorities="com.marketworld.provider"
158-->[:rn-fetch-blob] AndroidManifest.xml:36:13-60
159            android:exported="false"
159-->[:rn-fetch-blob] AndroidManifest.xml:37:13-37
160            android:grantUriPermissions="true" >
160-->[:rn-fetch-blob] AndroidManifest.xml:38:13-47
161            <meta-data
161-->[:react-native-image-picker] AndroidManifest.xml:15:13-17:70
162                android:name="android.support.FILE_PROVIDER_PATHS"
162-->[:react-native-image-picker] AndroidManifest.xml:16:17-67
163                android:resource="@xml/provider_paths" />
163-->[:react-native-image-picker] AndroidManifest.xml:17:17-67
164        </provider>
165
166        <receiver
166-->[com.google.firebase:firebase-messaging:23.1.1] AndroidManifest.xml:31:9-38:20
167            android:name="com.google.firebase.iid.FirebaseInstanceIdReceiver"
167-->[com.google.firebase:firebase-messaging:23.1.1] AndroidManifest.xml:32:13-78
168            android:exported="true"
168-->[com.google.firebase:firebase-messaging:23.1.1] AndroidManifest.xml:33:13-36
169            android:permission="com.google.android.c2dm.permission.SEND" >
169-->[com.google.firebase:firebase-messaging:23.1.1] AndroidManifest.xml:34:13-73
170            <intent-filter>
170-->[:react-native-firebase_messaging] AndroidManifest.xml:29:13-31:29
171                <action android:name="com.google.android.c2dm.intent.RECEIVE" />
171-->[:react-native-firebase_messaging] AndroidManifest.xml:30:17-81
171-->[:react-native-firebase_messaging] AndroidManifest.xml:30:25-78
172            </intent-filter>
173        </receiver>
174        <!--
175             FirebaseMessagingService performs security checks at runtime,
176             but set to not exported to explicitly avoid allowing another app to call it.
177        -->
178        <service
178-->[com.google.firebase:firebase-messaging:23.1.1] AndroidManifest.xml:44:9-51:19
179            android:name="com.google.firebase.messaging.FirebaseMessagingService"
179-->[com.google.firebase:firebase-messaging:23.1.1] AndroidManifest.xml:45:13-82
180            android:directBootAware="true"
180-->[com.google.firebase:firebase-messaging:23.1.1] AndroidManifest.xml:46:13-43
181            android:exported="false" >
181-->[com.google.firebase:firebase-messaging:23.1.1] AndroidManifest.xml:47:13-37
182            <intent-filter android:priority="-500" >
182-->[:react-native-firebase_messaging] AndroidManifest.xml:20:13-22:29
183                <action android:name="com.google.firebase.MESSAGING_EVENT" />
183-->[:react-native-firebase_messaging] AndroidManifest.xml:21:17-78
183-->[:react-native-firebase_messaging] AndroidManifest.xml:21:25-75
184            </intent-filter>
185        </service>
186        <service
186-->[com.google.android.datatransport:transport-backend-cct:3.1.8] AndroidManifest.xml:28:9-34:19
187            android:name="com.google.android.datatransport.runtime.backends.TransportBackendDiscovery"
187-->[com.google.android.datatransport:transport-backend-cct:3.1.8] AndroidManifest.xml:29:13-103
188            android:exported="false" >
188-->[com.google.android.datatransport:transport-backend-cct:3.1.8] AndroidManifest.xml:30:13-37
189            <meta-data
189-->[com.google.android.datatransport:transport-backend-cct:3.1.8] AndroidManifest.xml:31:13-33:39
190                android:name="backend:com.google.android.datatransport.cct.CctBackendFactory"
190-->[com.google.android.datatransport:transport-backend-cct:3.1.8] AndroidManifest.xml:32:17-94
191                android:value="cct" />
191-->[com.google.android.datatransport:transport-backend-cct:3.1.8] AndroidManifest.xml:33:17-36
192        </service>
193        <service
193-->[com.google.android.datatransport:transport-runtime:3.1.8] AndroidManifest.xml:26:9-30:19
194            android:name="com.google.android.datatransport.runtime.scheduling.jobscheduling.JobInfoSchedulerService"
194-->[com.google.android.datatransport:transport-runtime:3.1.8] AndroidManifest.xml:27:13-117
195            android:exported="false"
195-->[com.google.android.datatransport:transport-runtime:3.1.8] AndroidManifest.xml:28:13-37
196            android:permission="android.permission.BIND_JOB_SERVICE" >
196-->[com.google.android.datatransport:transport-runtime:3.1.8] AndroidManifest.xml:29:13-69
197        </service>
198
199        <receiver
199-->[com.google.android.datatransport:transport-runtime:3.1.8] AndroidManifest.xml:32:9-34:40
200            android:name="com.google.android.datatransport.runtime.scheduling.jobscheduling.AlarmManagerSchedulerBroadcastReceiver"
200-->[com.google.android.datatransport:transport-runtime:3.1.8] AndroidManifest.xml:33:13-132
201            android:exported="false" />
201-->[com.google.android.datatransport:transport-runtime:3.1.8] AndroidManifest.xml:34:13-37
202
203        <provider
203-->[com.google.firebase:firebase-common:20.2.0] AndroidManifest.xml:25:9-30:39
204            android:name="com.google.firebase.provider.FirebaseInitProvider"
204-->[com.google.firebase:firebase-common:20.2.0] AndroidManifest.xml:26:13-77
205            android:authorities="com.marketworld.firebaseinitprovider"
205-->[com.google.firebase:firebase-common:20.2.0] AndroidManifest.xml:27:13-72
206            android:directBootAware="true"
206-->[com.google.firebase:firebase-common:20.2.0] AndroidManifest.xml:28:13-43
207            android:exported="false"
207-->[com.google.firebase:firebase-common:20.2.0] AndroidManifest.xml:29:13-37
208            android:initOrder="100" />
208-->[com.google.firebase:firebase-common:20.2.0] AndroidManifest.xml:30:13-36
209        <provider
209-->[androidx.work:work-runtime:2.7.1] AndroidManifest.xml:31:9-39:20
210            android:name="androidx.startup.InitializationProvider"
210-->[androidx.work:work-runtime:2.7.1] AndroidManifest.xml:32:13-67
211            android:authorities="com.marketworld.androidx-startup"
211-->[androidx.work:work-runtime:2.7.1] AndroidManifest.xml:33:13-68
212            android:exported="false" >
212-->[androidx.work:work-runtime:2.7.1] AndroidManifest.xml:34:13-37
213            <meta-data
213-->[androidx.work:work-runtime:2.7.1] AndroidManifest.xml:36:13-38:52
214                android:name="androidx.work.WorkManagerInitializer"
214-->[androidx.work:work-runtime:2.7.1] AndroidManifest.xml:37:17-68
215                android:value="androidx.startup" />
215-->[androidx.work:work-runtime:2.7.1] AndroidManifest.xml:38:17-49
216            <meta-data
216-->[androidx.emoji2:emoji2:1.0.0] AndroidManifest.xml:31:13-33:52
217                android:name="androidx.emoji2.text.EmojiCompatInitializer"
217-->[androidx.emoji2:emoji2:1.0.0] AndroidManifest.xml:32:17-75
218                android:value="androidx.startup" />
218-->[androidx.emoji2:emoji2:1.0.0] AndroidManifest.xml:33:17-49
219            <meta-data
219-->[androidx.lifecycle:lifecycle-process:2.4.0] AndroidManifest.xml:31:13-33:52
220                android:name="androidx.lifecycle.ProcessLifecycleInitializer"
220-->[androidx.lifecycle:lifecycle-process:2.4.0] AndroidManifest.xml:32:17-78
221                android:value="androidx.startup" />
221-->[androidx.lifecycle:lifecycle-process:2.4.0] AndroidManifest.xml:33:17-49
222        </provider>
223
224        <service
224-->[androidx.work:work-runtime:2.7.1] AndroidManifest.xml:41:9-46:35
225            android:name="androidx.work.impl.background.systemalarm.SystemAlarmService"
225-->[androidx.work:work-runtime:2.7.1] AndroidManifest.xml:42:13-88
226            android:directBootAware="false"
226-->[androidx.work:work-runtime:2.7.1] AndroidManifest.xml:43:13-44
227            android:enabled="@bool/enable_system_alarm_service_default"
227-->[androidx.work:work-runtime:2.7.1] AndroidManifest.xml:44:13-72
228            android:exported="false" />
228-->[androidx.work:work-runtime:2.7.1] AndroidManifest.xml:45:13-37
229        <service
229-->[androidx.work:work-runtime:2.7.1] AndroidManifest.xml:47:9-53:35
230            android:name="androidx.work.impl.background.systemjob.SystemJobService"
230-->[androidx.work:work-runtime:2.7.1] AndroidManifest.xml:48:13-84
231            android:directBootAware="false"
231-->[androidx.work:work-runtime:2.7.1] AndroidManifest.xml:49:13-44
232            android:enabled="@bool/enable_system_job_service_default"
232-->[androidx.work:work-runtime:2.7.1] AndroidManifest.xml:50:13-70
233            android:exported="true"
233-->[androidx.work:work-runtime:2.7.1] AndroidManifest.xml:51:13-36
234            android:permission="android.permission.BIND_JOB_SERVICE" />
234-->[androidx.work:work-runtime:2.7.1] AndroidManifest.xml:52:13-69
235        <service
235-->[androidx.work:work-runtime:2.7.1] AndroidManifest.xml:54:9-59:35
236            android:name="androidx.work.impl.foreground.SystemForegroundService"
236-->[androidx.work:work-runtime:2.7.1] AndroidManifest.xml:55:13-81
237            android:directBootAware="false"
237-->[androidx.work:work-runtime:2.7.1] AndroidManifest.xml:56:13-44
238            android:enabled="@bool/enable_system_foreground_service_default"
238-->[androidx.work:work-runtime:2.7.1] AndroidManifest.xml:57:13-77
239            android:exported="false" />
239-->[androidx.work:work-runtime:2.7.1] AndroidManifest.xml:58:13-37
240
241        <receiver
241-->[androidx.work:work-runtime:2.7.1] AndroidManifest.xml:61:9-66:35
242            android:name="androidx.work.impl.utils.ForceStopRunnable$BroadcastReceiver"
242-->[androidx.work:work-runtime:2.7.1] AndroidManifest.xml:62:13-88
243            android:directBootAware="false"
243-->[androidx.work:work-runtime:2.7.1] AndroidManifest.xml:63:13-44
244            android:enabled="true"
244-->[androidx.work:work-runtime:2.7.1] AndroidManifest.xml:64:13-35
245            android:exported="false" />
245-->[androidx.work:work-runtime:2.7.1] AndroidManifest.xml:65:13-37
246        <receiver
246-->[androidx.work:work-runtime:2.7.1] AndroidManifest.xml:67:9-77:20
247            android:name="androidx.work.impl.background.systemalarm.ConstraintProxy$BatteryChargingProxy"
247-->[androidx.work:work-runtime:2.7.1] AndroidManifest.xml:68:13-106
248            android:directBootAware="false"
248-->[androidx.work:work-runtime:2.7.1] AndroidManifest.xml:69:13-44
249            android:enabled="false"
249-->[androidx.work:work-runtime:2.7.1] AndroidManifest.xml:70:13-36
250            android:exported="false" >
250-->[androidx.work:work-runtime:2.7.1] AndroidManifest.xml:71:13-37
251            <intent-filter>
251-->[androidx.work:work-runtime:2.7.1] AndroidManifest.xml:73:13-76:29
252                <action android:name="android.intent.action.ACTION_POWER_CONNECTED" />
252-->[androidx.work:work-runtime:2.7.1] AndroidManifest.xml:74:17-87
252-->[androidx.work:work-runtime:2.7.1] AndroidManifest.xml:74:25-84
253                <action android:name="android.intent.action.ACTION_POWER_DISCONNECTED" />
253-->[androidx.work:work-runtime:2.7.1] AndroidManifest.xml:75:17-90
253-->[androidx.work:work-runtime:2.7.1] AndroidManifest.xml:75:25-87
254            </intent-filter>
255        </receiver>
256        <receiver
256-->[androidx.work:work-runtime:2.7.1] AndroidManifest.xml:78:9-88:20
257            android:name="androidx.work.impl.background.systemalarm.ConstraintProxy$BatteryNotLowProxy"
257-->[androidx.work:work-runtime:2.7.1] AndroidManifest.xml:79:13-104
258            android:directBootAware="false"
258-->[androidx.work:work-runtime:2.7.1] AndroidManifest.xml:80:13-44
259            android:enabled="false"
259-->[androidx.work:work-runtime:2.7.1] AndroidManifest.xml:81:13-36
260            android:exported="false" >
260-->[androidx.work:work-runtime:2.7.1] AndroidManifest.xml:82:13-37
261            <intent-filter>
261-->[androidx.work:work-runtime:2.7.1] AndroidManifest.xml:84:13-87:29
262                <action android:name="android.intent.action.BATTERY_OKAY" />
262-->[androidx.work:work-runtime:2.7.1] AndroidManifest.xml:85:17-77
262-->[androidx.work:work-runtime:2.7.1] AndroidManifest.xml:85:25-74
263                <action android:name="android.intent.action.BATTERY_LOW" />
263-->[androidx.work:work-runtime:2.7.1] AndroidManifest.xml:86:17-76
263-->[androidx.work:work-runtime:2.7.1] AndroidManifest.xml:86:25-73
264            </intent-filter>
265        </receiver>
266        <receiver
266-->[androidx.work:work-runtime:2.7.1] AndroidManifest.xml:89:9-99:20
267            android:name="androidx.work.impl.background.systemalarm.ConstraintProxy$StorageNotLowProxy"
267-->[androidx.work:work-runtime:2.7.1] AndroidManifest.xml:90:13-104
268            android:directBootAware="false"
268-->[androidx.work:work-runtime:2.7.1] AndroidManifest.xml:91:13-44
269            android:enabled="false"